#
# There is insufficient memory for the Java Runtime Environment to continue.
# Native memory allocation (malloc) failed to allocate 1048576 bytes. Error detail: AllocateHeap
# Possible reasons:
#   The system is out of physical RAM or swap space
#   This process is running with CompressedOops enabled, and the Java Heap may be blocking the growth of the native heap
# Possible solutions:
#   Reduce memory load on the system
#   Increase physical memory or swap space
#   Check if swap backing store is full
#   Decrease Java heap size (-Xmx/-Xms)
#   Decrease number of Java threads
#   Decrease Java thread stack sizes (-Xss)
#   Set larger code cache with -XX:ReservedCodeCacheSize=
#   JVM is running with Unscaled Compressed Oops mode in which the Java heap is
#     placed in the first 4GB address space. The Java Heap base address is the
#     maximum limit for the native heap growth. Please use -XX:HeapBaseMinAddress
#     to set the Java Heap base and to place the Java Heap above 4GB virtual address.
# This output file may be truncated or incomplete.
#
#  Out of Memory Error (allocation.cpp:44), pid=16260, tid=10096
#
# JRE version: OpenJDK Runtime Environment Temurin-21.0.9+10 (21.0.9+10) (build 21.0.9+10-LTS)
# Java VM: OpenJDK 64-Bit Server VM Temurin-21.0.9+10 (21.0.9+10-LTS, mixed mode, sharing, tiered, compressed oops, compressed class ptrs, parallel gc, windows-amd64)
# No core dump will be written. Minidumps are not enabled by default on client versions of Windows
#

---------------  S U M M A R Y ------------

Command Line: --add-modules=ALL-SYSTEM --add-opens=java.base/java.util=ALL-UNNAMED --add-opens=java.base/java.lang=ALL-UNNAMED --add-opens=java.base/sun.nio.fs=ALL-UNNAMED -Declipse.application=org.eclipse.jdt.ls.core.id1 -Dosgi.bundles.defaultStartLevel=4 -Declipse.product=org.eclipse.jdt.ls.core.product -Djava.import.generatesMetadataFilesAtProjectRoot=false -DDetectVMInstallationsJob.disabled=true -Dfile.encoding=utf8 -XX:+UseParallelGC -XX:GCTimeRatio=4 -XX:AdaptiveSizePolicyWeight=90 -Dsun.zip.disableMemoryMapping=true -Xmx2G -Xms100m -Xlog:disable -javaagent:c:\Users\Star Computer\.vscode\extensions\redhat.java-1.50.0-win32-x64\lombok\lombok-1.18.39-4050.jar -XX:+HeapDumpOnOutOfMemoryError -XX:HeapDumpPath=c:\Users\Star Computer\AppData\Roaming\Code\User\workspaceStorage\a20a6d0fe74746f5a3a6f6b930a2e937\redhat.java -Daether.dependencyCollector.impl=bf c:\Users\Star Computer\.vscode\extensions\redhat.java-1.50.0-win32-x64\server\plugins\org.eclipse.equinox.launcher_1.7.100.v20251111-0406.jar -configuration c:\Users\Star Computer\AppData\Roaming\Code\User\globalStorage\redhat.java\1.50.0\config_win -data c:\Users\Star Computer\AppData\Roaming\Code\User\workspaceStorage\a20a6d0fe74746f5a3a6f6b930a2e937\redhat.java\jdt_ws --pipe=\\.\pipe\lsp-d8ca807f241b1e15a4c1451e0ad6bc09-sock

Host: Intel(R) Core(TM) i5-6300U CPU @ 2.40GHz, 4 cores, 7G,  Windows 10 , 64 bit Build 19041 (10.0.19041.5915)
Time: Mon Dec 29 19:07:55 2025 Pacific Standard Time elapsed time: 1041.635613 seconds (0d 0h 17m 21s)

---------------  T H R E A D  ---------------

Current thread (0x000001fb79e509f0):  JavaThread "Attach Listener" daemon [_thread_in_vm, id=10096, stack(0x000000acc3600000,0x000000acc3700000) (1024K)]

Stack: [0x000000acc3600000,0x000000acc3700000]
Native frames: (J=compiled Java code, j=interpreted, Vv=VM code, C=native code)
V  [jvm.dll+0x6d6e29]
V  [jvm.dll+0x8b4b76]
V  [jvm.dll+0x8b712e]
V  [jvm.dll+0x8b7813]
V  [jvm.dll+0x283d86]
V  [jvm.dll+0xc1277]
V  [jvm.dll+0x6d76d9]
V  [jvm.dll+0x133466]
V  [jvm.dll+0x3f7ea6]
V  [jvm.dll+0x85e9ad]
V  [jvm.dll+0x6d565d]
C  [ucrtbase.dll+0x21bb2]
C  [KERNEL32.DLL+0x17374]
C  [ntdll.dll+0x4cc91]


---------------  P R O C E S S  ---------------

Threads class SMR info:
_java_thread_list=0x000001fb423e8eb0, length=37, elements={
0x000001fb61283ec0, 0x000001fb79e4b110, 0x000001fb79e4c750, 0x000001fb79e4fda0,
0x000001fb79e509f0, 0x000001fb79e538b0, 0x000001fb79e54300, 0x000001fb79e55130,
0x000001fb79ec6a60, 0x000001fb7ac2c280, 0x000001fb7ad56920, 0x000001fb7f7fdb90,
0x000001fb7f77f310, 0x000001fb7f5383a0, 0x000001fb7f2c38c0, 0x000001fb7f7a5fc0,
0x000001fb79ebcd10, 0x000001fb7aeaa560, 0x000001fb41275b30, 0x000001fb41803bc0,
0x000001fb41804250, 0x000001fb414a5540, 0x000001fb414a4eb0, 0x000001fb414a5bd0,
0x000001fb414a6260, 0x000001fb414a4820, 0x000001fb414a68f0, 0x000001fb414a6f80,
0x000001fb414a3b00, 0x000001fb414a4190, 0x000001fb4cbbfe70, 0x000001fb4cbbafb0,
0x000001fb4cbbf150, 0x000001fb4cbc1f40, 0x000001fb4cbbd080, 0x000001fb4cbc0b90,
0x000001fb4cbbd710
}

Java Threads: ( => current thread )
  0x000001fb61283ec0 JavaThread "main"                              [_thread_blocked, id=17104, stack(0x000000acc2f00000,0x000000acc3000000) (1024K)]
  0x000001fb79e4b110 JavaThread "Reference Handler"          daemon [_thread_blocked, id=16836, stack(0x000000acc3300000,0x000000acc3400000) (1024K)]
  0x000001fb79e4c750 JavaThread "Finalizer"                  daemon [_thread_blocked, id=12788, stack(0x000000acc3400000,0x000000acc3500000) (1024K)]
  0x000001fb79e4fda0 JavaThread "Signal Dispatcher"          daemon [_thread_blocked, id=13156, stack(0x000000acc3500000,0x000000acc3600000) (1024K)]
=>0x000001fb79e509f0 JavaThread "Attach Listener"            daemon [_thread_in_vm, id=10096, stack(0x000000acc3600000,0x000000acc3700000) (1024K)]
  0x000001fb79e538b0 JavaThread "Service Thread"             daemon [_thread_blocked, id=13324, stack(0x000000acc3700000,0x000000acc3800000) (1024K)]
  0x000001fb79e54300 JavaThread "Monitor Deflation Thread"   daemon [_thread_blocked, id=16120, stack(0x000000acc3800000,0x000000acc3900000) (1024K)]
  0x000001fb79e55130 JavaThread "C2 CompilerThread0"         daemon [_thread_blocked, id=14312, stack(0x000000acc3900000,0x000000acc3a00000) (1024K)]
  0x000001fb79ec6a60 JavaThread "C1 CompilerThread0"         daemon [_thread_blocked, id=2856, stack(0x000000acc3a00000,0x000000acc3b00000) (1024K)]
  0x000001fb7ac2c280 JavaThread "Common-Cleaner"             daemon [_thread_blocked, id=9972, stack(0x000000acc3b00000,0x000000acc3c00000) (1024K)]
  0x000001fb7ad56920 JavaThread "Notification Thread"        daemon [_thread_blocked, id=3868, stack(0x000000acc3d00000,0x000000acc3e00000) (1024K)]
  0x000001fb7f7fdb90 JavaThread "Active Thread: Equinox Container: a89beeae-6a23-4ec7-bda3-ceaf71bb73f1"        [_thread_blocked, id=9468, stack(0x000000acc4200000,0x000000acc4300000) (1024K)]
  0x000001fb7f77f310 JavaThread "Refresh Thread: Equinox Container: a89beeae-6a23-4ec7-bda3-ceaf71bb73f1" daemon [_thread_blocked, id=6184, stack(0x000000acc3e00000,0x000000acc3f00000) (1024K)]
  0x000001fb7f5383a0 JavaThread "Framework Event Dispatcher: Equinox Container: a89beeae-6a23-4ec7-bda3-ceaf71bb73f1" daemon [_thread_blocked, id=8940, stack(0x000000acc4300000,0x000000acc4400000) (1024K)]
  0x000001fb7f2c38c0 JavaThread "Start Level: Equinox Container: a89beeae-6a23-4ec7-bda3-ceaf71bb73f1" daemon [_thread_blocked, id=9408, stack(0x000000acc4400000,0x000000acc4500000) (1024K)]
  0x000001fb7f7a5fc0 JavaThread "Bundle File Closer"         daemon [_thread_blocked, id=13160, stack(0x000000acc4600000,0x000000acc4700000) (1024K)]
  0x000001fb79ebcd10 JavaThread "SCR Component Actor"        daemon [_thread_blocked, id=8320, stack(0x000000acc4500000,0x000000acc4600000) (1024K)]
  0x000001fb7aeaa560 JavaThread "Worker-JM"                         [_thread_blocked, id=14624, stack(0x000000acc4800000,0x000000acc4900000) (1024K)]
  0x000001fb41275b30 JavaThread "JNA Cleaner"                daemon [_thread_blocked, id=8812, stack(0x000000acc4700000,0x000000acc4800000) (1024K)]
  0x000001fb41803bc0 JavaThread "Java indexing"              daemon [_thread_blocked, id=10140, stack(0x000000acc4e00000,0x000000acc4f00000) (1024K)]
  0x000001fb41804250 JavaThread "Thread-1"                   daemon [_thread_in_native, id=14584, stack(0x000000acc5400000,0x000000acc5500000) (1024K)]
  0x000001fb414a5540 JavaThread "Thread-2"                   daemon [_thread_in_native, id=12260, stack(0x000000acc5500000,0x000000acc5600000) (1024K)]
  0x000001fb414a4eb0 JavaThread "Thread-3"                   daemon [_thread_in_native, id=16228, stack(0x000000acc5600000,0x000000acc5700000) (1024K)]
  0x000001fb414a5bd0 JavaThread "Thread-4"                   daemon [_thread_in_native, id=12088, stack(0x000000acc5700000,0x000000acc5800000) (1024K)]
  0x000001fb414a6260 JavaThread "Thread-5"                   daemon [_thread_in_native, id=1624, stack(0x000000acc5800000,0x000000acc5900000) (1024K)]
  0x000001fb414a4820 JavaThread "pool-2-thread-1"                   [_thread_blocked, id=3932, stack(0x000000acc5900000,0x000000acc5a00000) (1024K)]
  0x000001fb414a68f0 JavaThread "WorkspaceEventsHandler"            [_thread_blocked, id=10468, stack(0x000000acc5a00000,0x000000acc5b00000) (1024K)]
  0x000001fb414a6f80 JavaThread "pool-1-thread-1"                   [_thread_blocked, id=16364, stack(0x000000acc5b00000,0x000000acc5c00000) (1024K)]
  0x000001fb414a3b00 JavaThread "Compiler Source File Reader" daemon [_thread_blocked, id=8792, stack(0x000000acc5c00000,0x000000acc5d00000) (1024K)]
  0x000001fb414a4190 JavaThread "Compiler Source File Reader" daemon [_thread_blocked, id=15264, stack(0x000000acc5d00000,0x000000acc5e00000) (1024K)]
  0x000001fb4cbbfe70 JavaThread "Cleaner-0"                  daemon [_thread_blocked, id=7412, stack(0x000000acc2e00000,0x000000acc2f00000) (1024K)]
  0x000001fb4cbbafb0 JavaThread "ForkJoinPool.commonPool-worker-4" daemon [_thread_blocked, id=15208, stack(0x000000acc3c00000,0x000000acc3d00000) (1024K)]
  0x000001fb4cbbf150 JavaThread "ForkJoinPool.commonPool-worker-5" daemon [_thread_blocked, id=1600, stack(0x000000acc4f00000,0x000000acc5000000) (1024K)]
  0x000001fb4cbc1f40 JavaThread "Worker-10"                         [_thread_blocked, id=14796, stack(0x000000acc4b00000,0x000000acc4c00000) (1024K)]
  0x000001fb4cbbd080 JavaThread "ForkJoinPool.commonPool-worker-6" daemon [_thread_blocked, id=240, stack(0x000000acc4a00000,0x000000acc4b00000) (1024K)]
  0x000001fb4cbc0b90 JavaThread "Worker-12"                         [_thread_blocked, id=8168, stack(0x000000acc4c00000,0x000000acc4d00000) (1024K)]
  0x000001fb4cbbd710 JavaThread "Worker-13"                         [_thread_blocked, id=1748, stack(0x000000acc4d00000,0x000000acc4e00000) (1024K)]
Total: 37

Other Threads:
  0x000001fb79e2f680 VMThread "VM Thread"                           [id=14976, stack(0x000000acc3200000,0x000000acc3300000) (1024K)]
  0x000001fb63529640 WatcherThread "VM Periodic Task Thread"        [id=7564, stack(0x000000acc3100000,0x000000acc3200000) (1024K)]
  0x000001fb6347e960 WorkerThread "GC Thread#0"                     [id=16584, stack(0x000000acc3000000,0x000000acc3100000) (1024K)]
  0x000001fb7f36dcd0 WorkerThread "GC Thread#1"                     [id=3112, stack(0x000000acc3f00000,0x000000acc4000000) (1024K)]
  0x000001fb7f36e070 WorkerThread "GC Thread#2"                     [id=8864, stack(0x000000acc4000000,0x000000acc4100000) (1024K)]
  0x000001fb7f36e410 WorkerThread "GC Thread#3"                     [id=14672, stack(0x000000acc4100000,0x000000acc4200000) (1024K)]
Total: 6

Threads with active compile tasks:
Total: 0

VM state: not at safepoint (normal execution)

VM Mutex/Monitor currently owned by a thread: None

Heap address: 0x0000000080000000, size: 2048 MB, Compressed Oops mode: 32-bit

CDS archive(s) mapped at: [0x000001fb00000000-0x000001fb00ba0000-0x000001fb00ba0000), size 12189696, SharedBaseAddress: 0x000001fb00000000, ArchiveRelocationMode: 1.
Compressed class space mapped at: 0x000001fb01000000-0x000001fb41000000, reserved size: 1073741824
Narrow klass base: 0x000001fb00000000, Narrow klass shift: 0, Narrow klass range: 0x100000000

GC Precious Log:
 CardTable entry size: 512
 CPUs: 4 total, 4 available
 Memory: 8072M
 Large Page Support: Disabled
 NUMA Support: Disabled
 Compressed Oops: Enabled (32-bit)
 Alignments: Space 512K, Generation 512K, Heap 2M
 Heap Min Capacity: 100M
 Heap Initial Capacity: 100M
 Heap Max Capacity: 2G
 Pre-touch: Disabled
 Parallel Workers: 4

Heap:
 PSYoungGen      total 3584K, used 2590K [0x00000000d5580000, 0x00000000d5b80000, 0x0000000100000000)
  eden space 3072K, 67% used [0x00000000d5580000,0x00000000d57878d8,0x00000000d5880000)
  from space 512K, 100% used [0x00000000d5b00000,0x00000000d5b80000,0x00000000d5b80000)
  to   space 1536K, 0% used [0x00000000d5880000,0x00000000d5880000,0x00000000d5a00000)
 ParOldGen       total 414720K, used 414269K [0x0000000080000000, 0x0000000099500000, 0x00000000d5580000)
  object space 414720K, 99% used [0x0000000080000000,0x000000009948f580,0x0000000099500000)
 Metaspace       used 79468K, committed 80960K, reserved 1179648K
  class space    used 7989K, committed 8640K, reserved 1048576K

Card table byte_map: [0x000001fb62e20000,0x000001fb63230000] _byte_map_base: 0x000001fb62a20000

Marking Bits: (ParMarkBitMap*) 0x00007ffea19d2460
 Begin Bits: [0x000001fb75920000, 0x000001fb77920000)
 End Bits:   [0x000001fb77920000, 0x000001fb79920000)

Polling page: 0x000001fb614f0000

Metaspace:

Usage:
  Non-class:     69.80 MB used.
      Class:      7.80 MB used.
       Both:     77.61 MB used.

Virtual space:
  Non-class space:      128.00 MB reserved,      70.62 MB ( 55%) committed,  2 nodes.
      Class space:        1.00 GB reserved,       8.44 MB ( <1%) committed,  1 nodes.
             Both:        1.12 GB reserved,      79.06 MB (  7%) committed. 

Chunk freelists:
   Non-Class:  9.00 MB
       Class:  7.44 MB
        Both:  16.44 MB

MaxMetaspaceSize: unlimited
CompressedClassSpaceSize: 1.00 GB
Initial GC threshold: 21.00 MB
Current GC threshold: 125.31 MB
CDS: on
 - commit_granule_bytes: 65536.
 - commit_granule_words: 8192.
 - virtual_space_node_default_size: 8388608.
 - enlarge_chunks_in_place: 1.
 - use_allocation_guard: 0.


Internal statistics:

num_allocs_failed_limit: 9.
num_arena_births: 1504.
num_arena_deaths: 44.
num_vsnodes_births: 3.
num_vsnodes_deaths: 0.
num_space_committed: 1265.
num_space_uncommitted: 0.
num_chunks_returned_to_freelist: 62.
num_chunks_taken_from_freelist: 5414.
num_chunk_merges: 16.
num_chunk_splits: 3253.
num_chunks_enlarged: 1777.
num_inconsistent_stats: 0.

CodeHeap 'non-profiled nmethods': size=120000Kb used=17451Kb max_used=17451Kb free=102549Kb
 bounds [0x000001fb6e140000, 0x000001fb6f250000, 0x000001fb75670000]
CodeHeap 'profiled nmethods': size=120000Kb used=45912Kb max_used=45912Kb free=74087Kb
 bounds [0x000001fb66670000, 0x000001fb69350000, 0x000001fb6dba0000]
CodeHeap 'non-nmethods': size=5760Kb used=1483Kb max_used=1601Kb free=4277Kb
 bounds [0x000001fb6dba0000, 0x000001fb6de10000, 0x000001fb6e140000]
CodeCache: size=245760Kb, used=64846Kb, max_used=64964Kb, free=180913Kb
 total_blobs=18469, nmethods=17664, adapters=707, full_count=0
Compilation: enabled, stopped_count=0, restarted_count=0

Compilation events (20 events):
Event: 988.053 Thread 0x000001fb79ec6a60 nmethod 19488 0x000001fb6f246a90 code [0x000001fb6f246c20, 0x000001fb6f246ce8]
Event: 988.053 Thread 0x000001fb79ec6a60 19489       3       org.eclipse.jdt.internal.compiler.lookup.LookupEnvironment$CompleteTypeBindingsSteps::isRequired (42 bytes)
Event: 988.053 Thread 0x000001fb79ec6a60 nmethod 19489 0x000001fb69343a10 code [0x000001fb69343bc0, 0x000001fb69343de8]
Event: 988.057 Thread 0x000001fb79ec6a60 19490       3       org.eclipse.core.internal.content.DefaultDescription::getProperty (11 bytes)
Event: 988.058 Thread 0x000001fb79ec6a60 nmethod 19490 0x000001fb69343f10 code [0x000001fb693440e0, 0x000001fb69344378]
Event: 988.058 Thread 0x000001fb79ec6a60 19491       3       org.eclipse.core.internal.content.ContentType::getDefaultProperty (19 bytes)
Event: 988.058 Thread 0x000001fb79ec6a60 nmethod 19491 0x000001fb69344510 code [0x000001fb693446e0, 0x000001fb693448c8]
Event: 988.077 Thread 0x000001fb79ec6a60 19492       3       org.eclipse.jdt.internal.codeassist.impl.AssistParser::pushOnElementStack (8 bytes)
Event: 988.078 Thread 0x000001fb79ec6a60 nmethod 19492 0x000001fb69344990 code [0x000001fb69344b40, 0x000001fb69344d18]
Event: 988.142 Thread 0x000001fb79e55130 nmethod 19482 0x000001fb6f246d90 code [0x000001fb6f2471e0, 0x000001fb6f2489e0]
Event: 988.143 Thread 0x000001fb79e55130 19485       4       java.util.stream.AbstractPipeline::onClose (52 bytes)
Event: 988.144 Thread 0x000001fb79e55130 nmethod 19485 0x000001fb6f249c90 code [0x000001fb6f249e20, 0x000001fb6f249f58]
Event: 988.144 Thread 0x000001fb79e55130 19484       4       org.eclipse.jdt.internal.core.search.matching.JavaSearchNameEnvironment::getLocationsFor (141 bytes)
Event: 988.155 Thread 0x000001fb79e55130 nmethod 19484 0x000001fb6f24a090 code [0x000001fb6f24a2a0, 0x000001fb6f24a780]
Event: 992.620 Thread 0x000001fb79ec6a60 19493   !   3       org.eclipse.core.internal.localstore.FileSystemResourceManager::getStore (32 bytes)
Event: 992.621 Thread 0x000001fb79ec6a60 nmethod 19493 0x000001fb69344e10 code [0x000001fb69345040, 0x000001fb69345738]
Event: 992.623 Thread 0x000001fb79ec6a60 19494       3       org.eclipse.jdt.core.JavaCore::create (6 bytes)
Event: 992.623 Thread 0x000001fb79ec6a60 nmethod 19494 0x000001fb69345a90 code [0x000001fb69345c40, 0x000001fb69345d68]
Event: 1011.325 Thread 0x000001fb79ec6a60 19495       3       java.util.concurrent.ThreadPoolExecutor::beforeExecute (1 bytes)
Event: 1011.325 Thread 0x000001fb79ec6a60 nmethod 19495 0x000001fb69345e10 code [0x000001fb69345fa0, 0x000001fb693460a8]

GC Heap History (20 events):
Event: 978.362 GC heap before
{Heap before GC invocations=1047 (full 4):
 PSYoungGen      total 3584K, used 3263K [0x00000000d5580000, 0x00000000d5c00000, 0x0000000100000000)
  eden space 3072K, 99% used [0x00000000d5580000,0x00000000d587fff0,0x00000000d5880000)
  from space 512K, 37% used [0x00000000d5b80000,0x00000000d5bb0000,0x00000000d5c00000)
  to   space 512K, 0% used [0x00000000d5b00000,0x00000000d5b00000,0x00000000d5b80000)
 ParOldGen       total 412160K, used 411885K [0x0000000080000000, 0x0000000099280000, 0x00000000d5580000)
  object space 412160K, 99% used [0x0000000080000000,0x000000009923b5b8,0x0000000099280000)
 Metaspace       used 79452K, committed 80960K, reserved 1179648K
  class space    used 7988K, committed 8640K, reserved 1048576K
}
Event: 978.368 GC heap after
{Heap after GC invocations=1047 (full 4):
 PSYoungGen      total 3584K, used 368K [0x00000000d5580000, 0x00000000d5c00000, 0x0000000100000000)
  eden space 3072K, 0% used [0x00000000d5580000,0x00000000d5580000,0x00000000d5880000)
  from space 512K, 71% used [0x00000000d5b00000,0x00000000d5b5c010,0x00000000d5b80000)
  to   space 512K, 0% used [0x00000000d5b80000,0x00000000d5b80000,0x00000000d5c00000)
 ParOldGen       total 412160K, used 411929K [0x0000000080000000, 0x0000000099280000, 0x00000000d5580000)
  object space 412160K, 99% used [0x0000000080000000,0x0000000099246450,0x0000000099280000)
 Metaspace       used 79452K, committed 80960K, reserved 1179648K
  class space    used 7988K, committed 8640K, reserved 1048576K
}
Event: 981.206 GC heap before
{Heap before GC invocations=1048 (full 4):
 PSYoungGen      total 3584K, used 3440K [0x00000000d5580000, 0x00000000d5c00000, 0x0000000100000000)
  eden space 3072K, 100% used [0x00000000d5580000,0x00000000d5880000,0x00000000d5880000)
  from space 512K, 71% used [0x00000000d5b00000,0x00000000d5b5c010,0x00000000d5b80000)
  to   space 512K, 0% used [0x00000000d5b80000,0x00000000d5b80000,0x00000000d5c00000)
 ParOldGen       total 412160K, used 411929K [0x0000000080000000, 0x0000000099280000, 0x00000000d5580000)
  object space 412160K, 99% used [0x0000000080000000,0x0000000099246450,0x0000000099280000)
 Metaspace       used 79452K, committed 80960K, reserved 1179648K
  class space    used 7988K, committed 8640K, reserved 1048576K
}
Event: 981.208 GC heap after
{Heap after GC invocations=1048 (full 4):
 PSYoungGen      total 3584K, used 128K [0x00000000d5580000, 0x00000000d5c00000, 0x0000000100000000)
  eden space 3072K, 0% used [0x00000000d5580000,0x00000000d5580000,0x00000000d5880000)
  from space 512K, 25% used [0x00000000d5b80000,0x00000000d5ba0000,0x00000000d5c00000)
  to   space 512K, 0% used [0x00000000d5b00000,0x00000000d5b00000,0x00000000d5b80000)
 ParOldGen       total 412160K, used 411945K [0x0000000080000000, 0x0000000099280000, 0x00000000d5580000)
  object space 412160K, 99% used [0x0000000080000000,0x000000009924a450,0x0000000099280000)
 Metaspace       used 79452K, committed 80960K, reserved 1179648K
  class space    used 7988K, committed 8640K, reserved 1048576K
}
Event: 984.003 GC heap before
{Heap before GC invocations=1049 (full 4):
 PSYoungGen      total 3584K, used 3200K [0x00000000d5580000, 0x00000000d5c00000, 0x0000000100000000)
  eden space 3072K, 100% used [0x00000000d5580000,0x00000000d5880000,0x00000000d5880000)
  from space 512K, 25% used [0x00000000d5b80000,0x00000000d5ba0000,0x00000000d5c00000)
  to   space 512K, 0% used [0x00000000d5b00000,0x00000000d5b00000,0x00000000d5b80000)
 ParOldGen       total 412160K, used 411945K [0x0000000080000000, 0x0000000099280000, 0x00000000d5580000)
  object space 412160K, 99% used [0x0000000080000000,0x000000009924a450,0x0000000099280000)
 Metaspace       used 79452K, committed 80960K, reserved 1179648K
  class space    used 7988K, committed 8640K, reserved 1048576K
}
Event: 984.006 GC heap after
{Heap after GC invocations=1049 (full 4):
 PSYoungGen      total 3584K, used 496K [0x00000000d5580000, 0x00000000d5c00000, 0x0000000100000000)
  eden space 3072K, 0% used [0x00000000d5580000,0x00000000d5580000,0x00000000d5880000)
  from space 512K, 96% used [0x00000000d5b00000,0x00000000d5b7c010,0x00000000d5b80000)
  to   space 512K, 0% used [0x00000000d5b80000,0x00000000d5b80000,0x00000000d5c00000)
 ParOldGen       total 412672K, used 412304K [0x0000000080000000, 0x0000000099300000, 0x00000000d5580000)
  object space 412672K, 99% used [0x0000000080000000,0x00000000992a4258,0x0000000099300000)
 Metaspace       used 79452K, committed 80960K, reserved 1179648K
  class space    used 7988K, committed 8640K, reserved 1048576K
}
Event: 984.382 GC heap before
{Heap before GC invocations=1050 (full 4):
 PSYoungGen      total 3584K, used 3567K [0x00000000d5580000, 0x00000000d5c00000, 0x0000000100000000)
  eden space 3072K, 99% used [0x00000000d5580000,0x00000000d587ffd8,0x00000000d5880000)
  from space 512K, 96% used [0x00000000d5b00000,0x00000000d5b7c010,0x00000000d5b80000)
  to   space 512K, 0% used [0x00000000d5b80000,0x00000000d5b80000,0x00000000d5c00000)
 ParOldGen       total 412672K, used 412304K [0x0000000080000000, 0x0000000099300000, 0x00000000d5580000)
  object space 412672K, 99% used [0x0000000080000000,0x00000000992a4258,0x0000000099300000)
 Metaspace       used 79454K, committed 80960K, reserved 1179648K
  class space    used 7988K, committed 8640K, reserved 1048576K
}
Event: 984.387 GC heap after
{Heap after GC invocations=1050 (full 4):
 PSYoungGen      total 3584K, used 512K [0x00000000d5580000, 0x00000000d5c00000, 0x0000000100000000)
  eden space 3072K, 0% used [0x00000000d5580000,0x00000000d5580000,0x00000000d5880000)
  from space 512K, 100% used [0x00000000d5b80000,0x00000000d5c00000,0x00000000d5c00000)
  to   space 1536K, 0% used [0x00000000d5900000,0x00000000d5900000,0x00000000d5a80000)
 ParOldGen       total 413184K, used 412889K [0x0000000080000000, 0x0000000099380000, 0x00000000d5580000)
  object space 413184K, 99% used [0x0000000080000000,0x00000000993366c0,0x0000000099380000)
 Metaspace       used 79454K, committed 80960K, reserved 1179648K
  class space    used 7988K, committed 8640K, reserved 1048576K
}
Event: 984.941 GC heap before
{Heap before GC invocations=1051 (full 4):
 PSYoungGen      total 3584K, used 3584K [0x00000000d5580000, 0x00000000d5c00000, 0x0000000100000000)
  eden space 3072K, 100% used [0x00000000d5580000,0x00000000d5880000,0x00000000d5880000)
  from space 512K, 100% used [0x00000000d5b80000,0x00000000d5c00000,0x00000000d5c00000)
  to   space 1536K, 0% used [0x00000000d5900000,0x00000000d5900000,0x00000000d5a80000)
 ParOldGen       total 413184K, used 412889K [0x0000000080000000, 0x0000000099380000, 0x00000000d5580000)
  object space 413184K, 99% used [0x0000000080000000,0x00000000993366c0,0x0000000099380000)
 Metaspace       used 79454K, committed 80960K, reserved 1179648K
  class space    used 7988K, committed 8640K, reserved 1048576K
}
Event: 984.945 GC heap after
{Heap after GC invocations=1051 (full 4):
 PSYoungGen      total 4608K, used 192K [0x00000000d5580000, 0x00000000d5c00000, 0x0000000100000000)
  eden space 3072K, 0% used [0x00000000d5580000,0x00000000d5580000,0x00000000d5880000)
  from space 1536K, 12% used [0x00000000d5900000,0x00000000d5930000,0x00000000d5a80000)
  to   space 1024K, 0% used [0x00000000d5b00000,0x00000000d5b00000,0x00000000d5c00000)
 ParOldGen       total 413696K, used 413384K [0x0000000080000000, 0x0000000099400000, 0x00000000d5580000)
  object space 413696K, 99% used [0x0000000080000000,0x00000000993b2100,0x0000000099400000)
 Metaspace       used 79454K, committed 80960K, reserved 1179648K
  class space    used 7988K, committed 8640K, reserved 1048576K
}
Event: 984.980 GC heap before
{Heap before GC invocations=1052 (full 4):
 PSYoungGen      total 4608K, used 3264K [0x00000000d5580000, 0x00000000d5c00000, 0x0000000100000000)
  eden space 3072K, 100% used [0x00000000d5580000,0x00000000d5880000,0x00000000d5880000)
  from space 1536K, 12% used [0x00000000d5900000,0x00000000d5930000,0x00000000d5a80000)
  to   space 1024K, 0% used [0x00000000d5b00000,0x00000000d5b00000,0x00000000d5c00000)
 ParOldGen       total 413696K, used 413384K [0x0000000080000000, 0x0000000099400000, 0x00000000d5580000)
  object space 413696K, 99% used [0x0000000080000000,0x00000000993b2100,0x0000000099400000)
 Metaspace       used 79459K, committed 80960K, reserved 1179648K
  class space    used 7989K, committed 8640K, reserved 1048576K
}
Event: 984.986 GC heap after
{Heap after GC invocations=1052 (full 4):
 PSYoungGen      total 4096K, used 864K [0x00000000d5580000, 0x00000000d5c00000, 0x0000000100000000)
  eden space 3072K, 0% used [0x00000000d5580000,0x00000000d5580000,0x00000000d5880000)
  from space 1024K, 84% used [0x00000000d5b00000,0x00000000d5bd8000,0x00000000d5c00000)
  to   space 1024K, 0% used [0x00000000d5a00000,0x00000000d5a00000,0x00000000d5b00000)
 ParOldGen       total 413696K, used 413464K [0x0000000080000000, 0x0000000099400000, 0x00000000d5580000)
  object space 413696K, 99% used [0x0000000080000000,0x00000000993c6100,0x0000000099400000)
 Metaspace       used 79459K, committed 80960K, reserved 1179648K
  class space    used 7989K, committed 8640K, reserved 1048576K
}
Event: 985.039 GC heap before
{Heap before GC invocations=1053 (full 4):
 PSYoungGen      total 4096K, used 3931K [0x00000000d5580000, 0x00000000d5c00000, 0x0000000100000000)
  eden space 3072K, 99% used [0x00000000d5580000,0x00000000d587eed8,0x00000000d5880000)
  from space 1024K, 84% used [0x00000000d5b00000,0x00000000d5bd8000,0x00000000d5c00000)
  to   space 1024K, 0% used [0x00000000d5a00000,0x00000000d5a00000,0x00000000d5b00000)
 ParOldGen       total 413696K, used 413464K [0x0000000080000000, 0x0000000099400000, 0x00000000d5580000)
  object space 413696K, 99% used [0x0000000080000000,0x00000000993c6100,0x0000000099400000)
 Metaspace       used 79461K, committed 80960K, reserved 1179648K
  class space    used 7989K, committed 8640K, reserved 1048576K
}
Event: 985.042 GC heap after
{Heap after GC invocations=1053 (full 4):
 PSYoungGen      total 4096K, used 160K [0x00000000d5580000, 0x00000000d5b80000, 0x0000000100000000)
  eden space 3072K, 0% used [0x00000000d5580000,0x00000000d5580000,0x00000000d5880000)
  from space 1024K, 15% used [0x00000000d5a00000,0x00000000d5a28000,0x00000000d5b00000)
  to   space 512K, 0% used [0x00000000d5b00000,0x00000000d5b00000,0x00000000d5b80000)
 ParOldGen       total 413696K, used 413528K [0x0000000080000000, 0x0000000099400000, 0x00000000d5580000)
  object space 413696K, 99% used [0x0000000080000000,0x00000000993d6100,0x0000000099400000)
 Metaspace       used 79461K, committed 80960K, reserved 1179648K
  class space    used 7989K, committed 8640K, reserved 1048576K
}
Event: 985.594 GC heap before
{Heap before GC invocations=1054 (full 4):
 PSYoungGen      total 4096K, used 3232K [0x00000000d5580000, 0x00000000d5b80000, 0x0000000100000000)
  eden space 3072K, 100% used [0x00000000d5580000,0x00000000d5880000,0x00000000d5880000)
  from space 1024K, 15% used [0x00000000d5a00000,0x00000000d5a28000,0x00000000d5b00000)
  to   space 512K, 0% used [0x00000000d5b00000,0x00000000d5b00000,0x00000000d5b80000)
 ParOldGen       total 413696K, used 413528K [0x0000000080000000, 0x0000000099400000, 0x00000000d5580000)
  object space 413696K, 99% used [0x0000000080000000,0x00000000993d6100,0x0000000099400000)
 Metaspace       used 79461K, committed 80960K, reserved 1179648K
  class space    used 7989K, committed 8640K, reserved 1048576K
}
Event: 985.598 GC heap after
{Heap after GC invocations=1054 (full 4):
 PSYoungGen      total 3584K, used 96K [0x00000000d5580000, 0x00000000d5b80000, 0x0000000100000000)
  eden space 3072K, 0% used [0x00000000d5580000,0x00000000d5580000,0x00000000d5880000)
  from space 512K, 18% used [0x00000000d5b00000,0x00000000d5b18000,0x00000000d5b80000)
  to   space 512K, 0% used [0x00000000d5a80000,0x00000000d5a80000,0x00000000d5b00000)
 ParOldGen       total 413696K, used 413600K [0x0000000080000000, 0x0000000099400000, 0x00000000d5580000)
  object space 413696K, 99% used [0x0000000080000000,0x00000000993e8100,0x0000000099400000)
 Metaspace       used 79461K, committed 80960K, reserved 1179648K
  class space    used 7989K, committed 8640K, reserved 1048576K
}
Event: 988.028 GC heap before
{Heap before GC invocations=1055 (full 4):
 PSYoungGen      total 3584K, used 3168K [0x00000000d5580000, 0x00000000d5b80000, 0x0000000100000000)
  eden space 3072K, 100% used [0x00000000d5580000,0x00000000d5880000,0x00000000d5880000)
  from space 512K, 18% used [0x00000000d5b00000,0x00000000d5b18000,0x00000000d5b80000)
  to   space 512K, 0% used [0x00000000d5a80000,0x00000000d5a80000,0x00000000d5b00000)
 ParOldGen       total 413696K, used 413600K [0x0000000080000000, 0x0000000099400000, 0x00000000d5580000)
  object space 413696K, 99% used [0x0000000080000000,0x00000000993e8100,0x0000000099400000)
 Metaspace       used 79461K, committed 80960K, reserved 1179648K
  class space    used 7989K, committed 8640K, reserved 1048576K
}
Event: 988.032 GC heap after
{Heap after GC invocations=1055 (full 4):
 PSYoungGen      total 3584K, used 320K [0x00000000d5580000, 0x00000000d5b80000, 0x0000000100000000)
  eden space 3072K, 0% used [0x00000000d5580000,0x00000000d5580000,0x00000000d5880000)
  from space 512K, 62% used [0x00000000d5a80000,0x00000000d5ad0000,0x00000000d5b00000)
  to   space 512K, 0% used [0x00000000d5b00000,0x00000000d5b00000,0x00000000d5b80000)
 ParOldGen       total 413696K, used 413608K [0x0000000080000000, 0x0000000099400000, 0x00000000d5580000)
  object space 413696K, 99% used [0x0000000080000000,0x00000000993ea100,0x0000000099400000)
 Metaspace       used 79461K, committed 80960K, reserved 1179648K
  class space    used 7989K, committed 8640K, reserved 1048576K
}
Event: 988.063 GC heap before
{Heap before GC invocations=1056 (full 4):
 PSYoungGen      total 3584K, used 3392K [0x00000000d5580000, 0x00000000d5b80000, 0x0000000100000000)
  eden space 3072K, 100% used [0x00000000d5580000,0x00000000d5880000,0x00000000d5880000)
  from space 512K, 62% used [0x00000000d5a80000,0x00000000d5ad0000,0x00000000d5b00000)
  to   space 512K, 0% used [0x00000000d5b00000,0x00000000d5b00000,0x00000000d5b80000)
 ParOldGen       total 413696K, used 413608K [0x0000000080000000, 0x0000000099400000, 0x00000000d5580000)
  object space 413696K, 99% used [0x0000000080000000,0x00000000993ea100,0x0000000099400000)
 Metaspace       used 79467K, committed 80960K, reserved 1179648K
  class space    used 7989K, committed 8640K, reserved 1048576K
}
Event: 988.066 GC heap after
{Heap after GC invocations=1056 (full 4):
 PSYoungGen      total 3584K, used 512K [0x00000000d5580000, 0x00000000d5b80000, 0x0000000100000000)
  eden space 3072K, 0% used [0x00000000d5580000,0x00000000d5580000,0x00000000d5880000)
  from space 512K, 100% used [0x00000000d5b00000,0x00000000d5b80000,0x00000000d5b80000)
  to   space 1536K, 0% used [0x00000000d5880000,0x00000000d5880000,0x00000000d5a00000)
 ParOldGen       total 414720K, used 414269K [0x0000000080000000, 0x0000000099500000, 0x00000000d5580000)
  object space 414720K, 99% used [0x0000000080000000,0x000000009948f580,0x0000000099500000)
 Metaspace       used 79467K, committed 80960K, reserved 1179648K
  class space    used 7989K, committed 8640K, reserved 1048576K
}

Dll operation events (10 events):
Event: 0.216 Loaded shared library c:\Users\Star Computer\.vscode\extensions\redhat.java-1.50.0-win32-x64\jre\21.0.9-win32-x86_64\bin\java.dll
Event: 1.145 Loaded shared library c:\Users\Star Computer\.vscode\extensions\redhat.java-1.50.0-win32-x64\jre\21.0.9-win32-x86_64\bin\zip.dll
Event: 1.268 Loaded shared library C:\Users\Star Computer\.vscode\extensions\redhat.java-1.50.0-win32-x64\jre\21.0.9-win32-x86_64\bin\instrument.dll
Event: 1.526 Loaded shared library C:\Users\Star Computer\.vscode\extensions\redhat.java-1.50.0-win32-x64\jre\21.0.9-win32-x86_64\bin\net.dll
Event: 1.683 Loaded shared library C:\Users\Star Computer\.vscode\extensions\redhat.java-1.50.0-win32-x64\jre\21.0.9-win32-x86_64\bin\nio.dll
Event: 1.691 Loaded shared library C:\Users\Star Computer\.vscode\extensions\redhat.java-1.50.0-win32-x64\jre\21.0.9-win32-x86_64\bin\zip.dll
Event: 1.744 Loaded shared library C:\Users\Star Computer\.vscode\extensions\redhat.java-1.50.0-win32-x64\jre\21.0.9-win32-x86_64\bin\jimage.dll
Event: 2.036 Loaded shared library c:\Users\Star Computer\.vscode\extensions\redhat.java-1.50.0-win32-x64\jre\21.0.9-win32-x86_64\bin\verify.dll
Event: 18.406 Loaded shared library C:\Users\Star Computer\AppData\Roaming\Code\User\globalStorage\redhat.java\1.50.0\config_win\org.eclipse.equinox.launcher\org.eclipse.equinox.launcher.win32.win32.x86_64_1.2.1400.v20250801-0854\eclipse_11916.dll
Event: 35.528 Loaded shared library C:\Users\Star Computer\AppData\Local\Temp\jna-1829234985\jna5783758513071831640.dll

Deoptimization events (20 events):
Event: 978.024 Thread 0x000001fb41803bc0 Uncommon trap: trap_request=0xffffffc6 fr.pc=0x000001fb6f20f010 relative=0x0000000000000ef0
Event: 978.024 Thread 0x000001fb41803bc0 Uncommon trap: reason=bimorphic_or_optimized_type_check action=maybe_recompile pc=0x000001fb6f20f010 method=org.eclipse.jdt.internal.compiler.parser.Parser.consumeRule(I)V @ 5164 c2
Event: 978.024 Thread 0x000001fb41803bc0 DEOPT PACKING pc=0x000001fb6f20f010 sp=0x000000acc4efebe0
Event: 978.024 Thread 0x000001fb41803bc0 DEOPT UNPACKING pc=0x000001fb6dbf3aa2 sp=0x000000acc4efeb68 mode 2
Event: 978.024 Thread 0x000001fb41803bc0 Uncommon trap: trap_request=0xffffffc6 fr.pc=0x000001fb6f20efb8 relative=0x0000000000000e98
Event: 978.024 Thread 0x000001fb41803bc0 Uncommon trap: reason=bimorphic_or_optimized_type_check action=maybe_recompile pc=0x000001fb6f20efb8 method=org.eclipse.jdt.internal.compiler.parser.Parser.consumeRule(I)V @ 5139 c2
Event: 978.024 Thread 0x000001fb41803bc0 DEOPT PACKING pc=0x000001fb6f20efb8 sp=0x000000acc4efebe0
Event: 978.024 Thread 0x000001fb41803bc0 DEOPT UNPACKING pc=0x000001fb6dbf3aa2 sp=0x000000acc4efeb60 mode 2
Event: 978.035 Thread 0x000001fb41803bc0 DEOPT PACKING pc=0x000001fb69274658 sp=0x000000acc4efec00
Event: 978.035 Thread 0x000001fb41803bc0 DEOPT UNPACKING pc=0x000001fb6dbf4242 sp=0x000000acc4efe0c0 mode 0
Event: 978.360 Thread 0x000001fb4cbbc9f0 DEOPT PACKING pc=0x000001fb69274658 sp=0x000000acc2dfe2d0
Event: 978.360 Thread 0x000001fb4cbbc9f0 DEOPT UNPACKING pc=0x000001fb6dbf4242 sp=0x000000acc2dfd790 mode 0
Event: 978.841 Thread 0x000001fb4cbbf150 DEOPT PACKING pc=0x000001fb69288241 sp=0x000000acc4ffe780
Event: 978.841 Thread 0x000001fb4cbbf150 DEOPT UNPACKING pc=0x000001fb6dbf4242 sp=0x000000acc4ffdc60 mode 0
Event: 983.991 Thread 0x000001fb4cbbf150 DEOPT PACKING pc=0x000001fb69274658 sp=0x000000acc4ffcd90
Event: 983.991 Thread 0x000001fb4cbbf150 DEOPT UNPACKING pc=0x000001fb6dbf4242 sp=0x000000acc4ffc250 mode 0
Event: 984.754 Thread 0x000001fb4cbbf150 DEOPT PACKING pc=0x000001fb69288241 sp=0x000000acc4ffe7d0
Event: 984.754 Thread 0x000001fb4cbbf150 DEOPT UNPACKING pc=0x000001fb6dbf4242 sp=0x000000acc4ffdcb0 mode 0
Event: 985.689 Thread 0x000001fb4cbbd080 DEOPT PACKING pc=0x000001fb6926cd3b sp=0x000000acc4afe680
Event: 985.689 Thread 0x000001fb4cbbd080 DEOPT UNPACKING pc=0x000001fb6dbf4242 sp=0x000000acc4afdbb8 mode 0

Classes loaded (20 events):
Event: 529.978 Loading class javax/swing/plaf/ScrollPaneUI
Event: 529.978 Loading class javax/swing/plaf/ScrollPaneUI done
Event: 530.001 Loading class javax/swing/SwingUtilities
Event: 530.010 Loading class javax/swing/SwingUtilities done
Event: 530.010 Loading class javax/accessibility/AccessibleStateSet
Event: 530.013 Loading class javax/accessibility/AccessibleStateSet done
Event: 530.435 Loading class javax/swing/SwingWorker
Event: 530.442 Loading class javax/swing/SwingWorker done
Event: 530.443 Loading class javax/swing/SwingWorker$StateValue
Event: 530.443 Loading class javax/swing/SwingWorker$StateValue done
Event: 530.443 Loading class java/beans/PropertyChangeSupport
Event: 530.445 Loading class java/beans/PropertyChangeSupport done
Event: 530.445 Loading class java/util/concurrent/Future$State
Event: 530.445 Loading class java/util/concurrent/Future$State done
Event: 972.780 Loading class java/util/Collections$EmptyListIterator
Event: 972.780 Loading class java/util/Collections$EmptyListIterator done
Event: 972.945 Loading class java/io/CharArrayReader
Event: 972.946 Loading class java/io/CharArrayReader done
Event: 972.946 Loading class java/util/regex/Pattern$Bound
Event: 972.947 Loading class java/util/regex/Pattern$Bound done

Classes unloaded (20 events):
Event: 36.672 Thread 0x000001fb79e2f680 Unloading class 0x000001fb011a8400 'java/lang/invoke/LambdaForm$MH+0x000001fb011a8400'
Event: 36.672 Thread 0x000001fb79e2f680 Unloading class 0x000001fb011a8000 'java/lang/invoke/LambdaForm$MH+0x000001fb011a8000'
Event: 36.672 Thread 0x000001fb79e2f680 Unloading class 0x000001fb011a7c00 'java/lang/invoke/LambdaForm$BMH+0x000001fb011a7c00'
Event: 36.672 Thread 0x000001fb79e2f680 Unloading class 0x000001fb011a7800 'java/lang/invoke/LambdaForm$DMH+0x000001fb011a7800'
Event: 36.672 Thread 0x000001fb79e2f680 Unloading class 0x000001fb011a6400 'java/lang/invoke/LambdaForm$DMH+0x000001fb011a6400'
Event: 39.251 Thread 0x000001fb79e2f680 Unloading class 0x000001fb0130c000 'java/lang/invoke/LambdaForm$MH+0x000001fb0130c000'
Event: 39.251 Thread 0x000001fb79e2f680 Unloading class 0x000001fb0130b000 'java/lang/invoke/LambdaForm$MH+0x000001fb0130b000'
Event: 39.251 Thread 0x000001fb79e2f680 Unloading class 0x000001fb0130a800 'java/lang/invoke/LambdaForm$MH+0x000001fb0130a800'
Event: 39.251 Thread 0x000001fb79e2f680 Unloading class 0x000001fb0130a000 'java/lang/invoke/LambdaForm$MH+0x000001fb0130a000'
Event: 39.251 Thread 0x000001fb79e2f680 Unloading class 0x000001fb01302800 'java/lang/invoke/LambdaForm$MH+0x000001fb01302800'
Event: 39.251 Thread 0x000001fb79e2f680 Unloading class 0x000001fb01302000 'java/lang/invoke/LambdaForm$MH+0x000001fb01302000'
Event: 39.251 Thread 0x000001fb79e2f680 Unloading class 0x000001fb01301800 'java/lang/invoke/LambdaForm$MH+0x000001fb01301800'
Event: 39.251 Thread 0x000001fb79e2f680 Unloading class 0x000001fb01300c00 'java/lang/invoke/LambdaForm$MH+0x000001fb01300c00'
Event: 39.251 Thread 0x000001fb79e2f680 Unloading class 0x000001fb01300400 'java/lang/invoke/LambdaForm$MH+0x000001fb01300400'
Event: 39.251 Thread 0x000001fb79e2f680 Unloading class 0x000001fb012fdc00 'java/lang/invoke/LambdaForm$MH+0x000001fb012fdc00'
Event: 39.251 Thread 0x000001fb79e2f680 Unloading class 0x000001fb012fd400 'java/lang/invoke/LambdaForm$MH+0x000001fb012fd400'
Event: 39.251 Thread 0x000001fb79e2f680 Unloading class 0x000001fb012fd000 'java/lang/invoke/LambdaForm$MH+0x000001fb012fd000'
Event: 50.074 Thread 0x000001fb79e2f680 Unloading class 0x000001fb01605000 'java/lang/invoke/LambdaForm$MH+0x000001fb01605000'
Event: 50.074 Thread 0x000001fb79e2f680 Unloading class 0x000001fb01604800 'java/lang/invoke/LambdaForm$MH+0x000001fb01604800'
Event: 50.074 Thread 0x000001fb79e2f680 Unloading class 0x000001fb01604000 'java/lang/invoke/LambdaForm$MH+0x000001fb01604000'

Classes redefined (0 events):
No events

Internal exceptions (20 events):
Event: 988.040 Thread 0x000001fb4cbbd080 Implicit null exception at 0x000001fb68a4e91b to 0x000001fb68a4eed5
Event: 988.040 Thread 0x000001fb4cbbd080 Exception <a 'java/lang/NullPointerException'{0x00000000d566cb70}> (0x00000000d566cb70) 
thrown [s\src\hotspot\share\runtime\sharedRuntime.cpp, line 625]
Event: 988.040 Thread 0x000001fb4cbbd080 Implicit null exception at 0x000001fb68a4e91b to 0x000001fb68a4eed5
Event: 988.040 Thread 0x000001fb4cbbd080 Exception <a 'java/lang/NullPointerException'{0x00000000d566e510}> (0x00000000d566e510) 
thrown [s\src\hotspot\share\runtime\sharedRuntime.cpp, line 625]
Event: 988.040 Thread 0x000001fb4cbbd080 Implicit null exception at 0x000001fb68a4e91b to 0x000001fb68a4eed5
Event: 988.040 Thread 0x000001fb4cbbd080 Exception <a 'java/lang/NullPointerException'{0x00000000d566ed50}> (0x00000000d566ed50) 
thrown [s\src\hotspot\share\runtime\sharedRuntime.cpp, line 625]
Event: 988.040 Thread 0x000001fb4cbbd080 Implicit null exception at 0x000001fb68a4e91b to 0x000001fb68a4eed5
Event: 988.040 Thread 0x000001fb4cbbd080 Exception <a 'java/lang/NullPointerException'{0x00000000d566f598}> (0x00000000d566f598) 
thrown [s\src\hotspot\share\runtime\sharedRuntime.cpp, line 625]
Event: 988.054 Thread 0x000001fb4cbbd080 Implicit null exception at 0x000001fb68a4e91b to 0x000001fb68a4eed5
Event: 988.054 Thread 0x000001fb4cbbd080 Exception <a 'java/lang/NullPointerException'{0x00000000d58313c8}> (0x00000000d58313c8) 
thrown [s\src\hotspot\share\runtime\sharedRuntime.cpp, line 625]
Event: 988.058 Thread 0x000001fb4cbbd080 Implicit null exception at 0x000001fb68a4e91b to 0x000001fb68a4eed5
Event: 988.058 Thread 0x000001fb4cbbd080 Exception <a 'java/lang/NullPointerException'{0x00000000d58563b8}> (0x00000000d58563b8) 
thrown [s\src\hotspot\share\runtime\sharedRuntime.cpp, line 625]
Event: 988.058 Thread 0x000001fb4cbbd080 Implicit null exception at 0x000001fb68a4e91b to 0x000001fb68a4eed5
Event: 988.058 Thread 0x000001fb4cbbd080 Exception <a 'java/lang/NullPointerException'{0x00000000d5856ba8}> (0x00000000d5856ba8) 
thrown [s\src\hotspot\share\runtime\sharedRuntime.cpp, line 625]
Event: 988.058 Thread 0x000001fb4cbbd080 Implicit null exception at 0x000001fb68a4e91b to 0x000001fb68a4eed5
Event: 988.058 Thread 0x000001fb4cbbd080 Exception <a 'java/lang/NullPointerException'{0x00000000d5857700}> (0x00000000d5857700) 
thrown [s\src\hotspot\share\runtime\sharedRuntime.cpp, line 625]
Event: 988.058 Thread 0x000001fb4cbbd080 Implicit null exception at 0x000001fb68a4e91b to 0x000001fb68a4eed5
Event: 988.059 Thread 0x000001fb4cbbd080 Exception <a 'java/lang/NullPointerException'{0x00000000d585b660}> (0x00000000d585b660) 
thrown [s\src\hotspot\share\runtime\sharedRuntime.cpp, line 625]
Event: 988.059 Thread 0x000001fb4cbbd080 Implicit null exception at 0x000001fb68a4e91b to 0x000001fb68a4eed5
Event: 988.059 Thread 0x000001fb4cbbd080 Exception <a 'java/lang/NullPointerException'{0x00000000d585be18}> (0x00000000d585be18) 
thrown [s\src\hotspot\share\runtime\sharedRuntime.cpp, line 625]

ZGC Phase Switch (0 events):
No events

VM Operations (20 events):
Event: 984.382 Executing VM operation: ParallelGCFailedAllocation (Allocation Failure)
Event: 984.387 Executing VM operation: ParallelGCFailedAllocation (Allocation Failure) done
Event: 984.940 Executing VM operation: ParallelGCFailedAllocation (Allocation Failure)
Event: 984.945 Executing VM operation: ParallelGCFailedAllocation (Allocation Failure) done
Event: 984.979 Executing VM operation: ParallelGCFailedAllocation (Allocation Failure)
Event: 984.986 Executing VM operation: ParallelGCFailedAllocation (Allocation Failure) done
Event: 985.039 Executing VM operation: ParallelGCFailedAllocation (Allocation Failure)
Event: 985.042 Executing VM operation: ParallelGCFailedAllocation (Allocation Failure) done
Event: 985.594 Executing VM operation: ParallelGCFailedAllocation (Allocation Failure)
Event: 985.598 Executing VM operation: ParallelGCFailedAllocation (Allocation Failure) done
Event: 986.598 Executing VM operation: Cleanup
Event: 986.598 Executing VM operation: Cleanup done
Event: 988.028 Executing VM operation: ParallelGCFailedAllocation (Allocation Failure)
Event: 988.032 Executing VM operation: ParallelGCFailedAllocation (Allocation Failure) done
Event: 988.063 Executing VM operation: ParallelGCFailedAllocation (Allocation Failure)
Event: 988.066 Executing VM operation: ParallelGCFailedAllocation (Allocation Failure) done
Event: 1022.656 Executing VM operation: HandshakeAllThreads (HandshakeForDeflation)
Event: 1022.656 Executing VM operation: HandshakeAllThreads (HandshakeForDeflation) done
Event: 1022.656 Executing VM operation: RendezvousGCThreads
Event: 1022.656 Executing VM operation: RendezvousGCThreads done

Memory protections (0 events):
No events

Nmethod flushes (20 events):
Event: 439.579 Thread 0x000001fb79e2f680 flushing  nmethod 0x000001fb67884310
Event: 439.579 Thread 0x000001fb79e2f680 flushing  nmethod 0x000001fb67885410
Event: 439.579 Thread 0x000001fb79e2f680 flushing  nmethod 0x000001fb67885b90
Event: 439.579 Thread 0x000001fb79e2f680 flushing  nmethod 0x000001fb67886310
Event: 439.579 Thread 0x000001fb79e2f680 flushing  nmethod 0x000001fb67887310
Event: 439.579 Thread 0x000001fb79e2f680 flushing  nmethod 0x000001fb67888390
Event: 439.579 Thread 0x000001fb79e2f680 flushing  nmethod 0x000001fb67889090
Event: 439.579 Thread 0x000001fb79e2f680 flushing  nmethod 0x000001fb67889b10
Event: 439.579 Thread 0x000001fb79e2f680 flushing  nmethod 0x000001fb6788a190
Event: 439.579 Thread 0x000001fb79e2f680 flushing  nmethod 0x000001fb6788b010
Event: 439.579 Thread 0x000001fb79e2f680 flushing  nmethod 0x000001fb6788f290
Event: 439.579 Thread 0x000001fb79e2f680 flushing  nmethod 0x000001fb67891810
Event: 439.579 Thread 0x000001fb79e2f680 flushing  nmethod 0x000001fb67892310
Event: 439.579 Thread 0x000001fb79e2f680 flushing  nmethod 0x000001fb67892790
Event: 439.579 Thread 0x000001fb79e2f680 flushing  nmethod 0x000001fb67892c10
Event: 439.579 Thread 0x000001fb79e2f680 flushing  nmethod 0x000001fb67893090
Event: 439.579 Thread 0x000001fb79e2f680 flushing  nmethod 0x000001fb67894490
Event: 439.579 Thread 0x000001fb79e2f680 flushing osr nmethod 0x000001fb6789ca90
Event: 439.579 Thread 0x000001fb79e2f680 flushing  nmethod 0x000001fb678a2d90
Event: 439.579 Thread 0x000001fb79e2f680 flushing osr nmethod 0x000001fb678b9e90

Events (20 events):
Event: 808.351 Thread 0x000001fb42715fa0 Thread exited: 0x000001fb42715fa0
Event: 808.842 Thread 0x000001fb79ec6a60 Thread added: 0x000001fb4249b690
Event: 810.624 Thread 0x000001fb4249b690 Thread exited: 0x000001fb4249b690
Event: 872.908 Thread 0x000001fb4cbbb640 Thread exited: 0x000001fb4cbbb640
Event: 873.146 Thread 0x000001fb435a5cf0 Thread exited: 0x000001fb435a5cf0
Event: 873.499 Thread 0x000001fb41804f70 Thread exited: 0x000001fb41804f70
Event: 924.440 Thread 0x000001fb4cbc1f40 Thread added: 0x000001fb4cbbc9f0
Event: 924.457 Thread 0x000001fb4cbc1f40 Thread added: 0x000001fb4cbbb640
Event: 924.615 Thread 0x000001fb79ec6a60 Thread added: 0x000001fb416a9fc0
Event: 925.151 Thread 0x000001fb416a9fc0 Thread exited: 0x000001fb416a9fc0
Event: 929.379 Thread 0x000001fb4cbc0b90 Thread exited: 0x000001fb4cbc0b90
Event: 929.463 Thread 0x000001fb4cbbafb0 Thread added: 0x000001fb4cbbd080
Event: 975.583 Thread 0x000001fb4cbbc9f0 Thread added: 0x000001fb4cbc0b90
Event: 975.639 Thread 0x000001fb4cbbc9f0 Thread added: 0x000001fb4cbbd710
Event: 977.123 Thread 0x000001fb79ec6a60 Thread added: 0x000001fb42cf2660
Event: 977.344 Thread 0x000001fb42cf2660 Thread exited: 0x000001fb42cf2660
Event: 977.641 Thread 0x000001fb79ec6a60 Thread added: 0x000001fb43583da0
Event: 977.814 Thread 0x000001fb43583da0 Thread exited: 0x000001fb43583da0
Event: 1037.789 Thread 0x000001fb4cbbb640 Thread exited: 0x000001fb4cbbb640
Event: 1038.392 Thread 0x000001fb4cbbc9f0 Thread exited: 0x000001fb4cbbc9f0


Dynamic libraries:
0x00007ff6f0eb0000 - 0x00007ff6f0ebe000 	c:\Users\Star Computer\.vscode\extensions\redhat.java-1.50.0-win32-x64\jre\21.0.9-win32-x86_64\bin\java.exe
0x00007ffefa570000 - 0x00007ffefa768000 	C:\Windows\SYSTEM32\ntdll.dll
0x00007ffef8630000 - 0x00007ffef86f2000 	C:\Windows\System32\KERNEL32.DLL
0x00007ffef8060000 - 0x00007ffef8356000 	C:\Windows\System32\KERNELBASE.dll
0x00007ffef8360000 - 0x00007ffef8460000 	C:\Windows\System32\ucrtbase.dll
0x00007ffec8ab0000 - 0x00007ffec8ac8000 	c:\Users\Star Computer\.vscode\extensions\redhat.java-1.50.0-win32-x64\jre\21.0.9-win32-x86_64\bin\jli.dll
0x00007ffef88b0000 - 0x00007ffef8a51000 	C:\Windows\System32\USER32.dll
0x00007ffef7fa0000 - 0x00007ffef7fc2000 	C:\Windows\System32\win32u.dll
0x00007ffef9c50000 - 0x00007ffef9c7b000 	C:\Windows\System32\GDI32.dll
0x00007ffef7e80000 - 0x00007ffef7f99000 	C:\Windows\System32\gdi32full.dll
0x00007ffef7de0000 - 0x00007ffef7e7d000 	C:\Windows\System32\msvcp_win.dll
0x00007ffec16f0000 - 0x00007ffec170e000 	c:\Users\Star Computer\.vscode\extensions\redhat.java-1.50.0-win32-x64\jre\21.0.9-win32-x86_64\bin\VCRUNTIME140.dll
0x00007ffee2420000 - 0x00007ffee26bb000 	C:\Windows\WinSxS\amd64_microsoft.windows.common-controls_6595b64144ccf1df_6.0.19041.6456_none_60b8a6cb71f64256\COMCTL32.dll
0x00007ffef8590000 - 0x00007ffef862e000 	C:\Windows\System32\msvcrt.dll
0x00007ffef8a60000 - 0x00007ffef8a8f000 	C:\Windows\System32\IMM32.DLL
0x00007ffee1ab0000 - 0x00007ffee1abc000 	c:\Users\Star Computer\.vscode\extensions\redhat.java-1.50.0-win32-x64\jre\21.0.9-win32-x86_64\bin\vcruntime140_1.dll
0x00007ffeb79c0000 - 0x00007ffeb7a4d000 	c:\Users\Star Computer\.vscode\extensions\redhat.java-1.50.0-win32-x64\jre\21.0.9-win32-x86_64\bin\msvcp140.dll
0x00007ffea0d10000 - 0x00007ffea1ab0000 	c:\Users\Star Computer\.vscode\extensions\redhat.java-1.50.0-win32-x64\jre\21.0.9-win32-x86_64\bin\server\jvm.dll
0x00007ffefa210000 - 0x00007ffefa2c1000 	C:\Windows\System32\ADVAPI32.dll
0x00007ffef8700000 - 0x00007ffef879f000 	C:\Windows\System32\sechost.dll
0x00007ffef9e30000 - 0x00007ffef9f50000 	C:\Windows\System32\RPCRT4.dll
0x00007ffef8460000 - 0x00007ffef8487000 	C:\Windows\System32\bcrypt.dll
0x00007ffef9750000 - 0x00007ffef97bb000 	C:\Windows\System32\WS2_32.dll
0x00007ffef7770000 - 0x00007ffef77bb000 	C:\Windows\SYSTEM32\POWRPROF.dll
0x00007ffeddd40000 - 0x00007ffeddd67000 	C:\Windows\SYSTEM32\WINMM.dll
0x00007ffee92e0000 - 0x00007ffee92ea000 	C:\Windows\SYSTEM32\VERSION.dll
0x00007ffef7750000 - 0x00007ffef7762000 	C:\Windows\SYSTEM32\UMPDC.dll
0x00007ffef5b00000 - 0x00007ffef5b12000 	C:\Windows\SYSTEM32\kernel.appcore.dll
0x00007ffee1a40000 - 0x00007ffee1a4a000 	c:\Users\Star Computer\.vscode\extensions\redhat.java-1.50.0-win32-x64\jre\21.0.9-win32-x86_64\bin\jimage.dll
0x00007ffef2320000 - 0x00007ffef2521000 	C:\Windows\SYSTEM32\DBGHELP.DLL
0x00007ffed0ea0000 - 0x00007ffed0ed4000 	C:\Windows\SYSTEM32\dbgcore.DLL
0x00007ffef7fd0000 - 0x00007ffef8052000 	C:\Windows\System32\bcryptPrimitives.dll
0x00007ffeee790000 - 0x00007ffeee79f000 	c:\Users\Star Computer\.vscode\extensions\redhat.java-1.50.0-win32-x64\jre\21.0.9-win32-x86_64\bin\instrument.dll
0x00007ffee1ce0000 - 0x00007ffee1d00000 	c:\Users\Star Computer\.vscode\extensions\redhat.java-1.50.0-win32-x64\jre\21.0.9-win32-x86_64\bin\java.dll
0x00007ffef8bb0000 - 0x00007ffef9320000 	C:\Windows\System32\SHELL32.dll
0x00007ffef5c70000 - 0x00007ffef6415000 	C:\Windows\SYSTEM32\windows.storage.dll
0x00007ffef9320000 - 0x00007ffef9674000 	C:\Windows\System32\combase.dll
0x00007ffef75c0000 - 0x00007ffef75eb000 	C:\Windows\SYSTEM32\Wldp.dll
0x00007ffef9680000 - 0x00007ffef974d000 	C:\Windows\System32\OLEAUT32.dll
0x00007ffefa160000 - 0x00007ffefa20d000 	C:\Windows\System32\SHCORE.dll
0x00007ffef9dc0000 - 0x00007ffef9e1b000 	C:\Windows\System32\shlwapi.dll
0x00007ffef7b30000 - 0x00007ffef7b54000 	C:\Windows\SYSTEM32\profapi.dll
0x00007ffee1840000 - 0x00007ffee1858000 	c:\Users\Star Computer\.vscode\extensions\redhat.java-1.50.0-win32-x64\jre\21.0.9-win32-x86_64\bin\zip.dll
0x00007ffeee780000 - 0x00007ffeee790000 	C:\Users\Star Computer\.vscode\extensions\redhat.java-1.50.0-win32-x64\jre\21.0.9-win32-x86_64\bin\net.dll
0x00007ffee2890000 - 0x00007ffee299a000 	C:\Windows\SYSTEM32\WINHTTP.dll
0x00007ffef7320000 - 0x00007ffef738a000 	C:\Windows\system32\mswsock.dll
0x00007ffee1320000 - 0x00007ffee1336000 	C:\Users\Star Computer\.vscode\extensions\redhat.java-1.50.0-win32-x64\jre\21.0.9-win32-x86_64\bin\nio.dll
0x00007ffeece90000 - 0x00007ffeecea0000 	c:\Users\Star Computer\.vscode\extensions\redhat.java-1.50.0-win32-x64\jre\21.0.9-win32-x86_64\bin\verify.dll
0x00007ffec5840000 - 0x00007ffec5884000 	C:\Users\Star Computer\AppData\Roaming\Code\User\globalStorage\redhat.java\1.50.0\config_win\org.eclipse.equinox.launcher\org.eclipse.equinox.launcher.win32.win32.x86_64_1.2.1400.v20250801-0854\eclipse_11916.dll
0x00007ffefa030000 - 0x00007ffefa15b000 	C:\Windows\System32\ole32.dll
0x00007ffef7520000 - 0x00007ffef7538000 	C:\Windows\SYSTEM32\CRYPTSP.dll
0x00007ffef6bd0000 - 0x00007ffef6c08000 	C:\Windows\system32\rsaenh.dll
0x00007ffef7ab0000 - 0x00007ffef7ade000 	C:\Windows\SYSTEM32\USERENV.dll
0x00007ffef7510000 - 0x00007ffef751c000 	C:\Windows\SYSTEM32\CRYPTBASE.dll
0x00007ffef7000000 - 0x00007ffef703b000 	C:\Windows\SYSTEM32\IPHLPAPI.DLL
0x00007ffef97c0000 - 0x00007ffef97c8000 	C:\Windows\System32\NSI.dll
0x00007ffec1360000 - 0x00007ffec13a9000 	C:\Users\Star Computer\AppData\Local\Temp\jna-1829234985\jna5783758513071831640.dll
0x00007ffef9e20000 - 0x00007ffef9e28000 	C:\Windows\System32\PSAPI.DLL
0x00007ffeeab30000 - 0x00007ffeeab47000 	C:\Windows\SYSTEM32\dhcpcsvc6.DLL
0x00007ffeea050000 - 0x00007ffeea06d000 	C:\Windows\SYSTEM32\dhcpcsvc.DLL

JVMTI agents:
c:\Users\Star Computer\.vscode\extensions\redhat.java-1.50.0-win32-x64\lombok\lombok-1.18.39-4050.jar path:c:\Users\Star Computer\.vscode\extensions\redhat.java-1.50.0-win32-x64\jre\21.0.9-win32-x86_64\bin\instrument.dll, loaded, initialized, instrumentlib options:none

dbghelp: loaded successfully - version: 4.0.5 - missing functions: none
symbol engine: initialized successfully - sym options: 0x614 - pdb path: .;c:\Users\Star Computer\.vscode\extensions\redhat.java-1.50.0-win32-x64\jre\21.0.9-win32-x86_64\bin;C:\Windows\SYSTEM32;C:\Windows\WinSxS\amd64_microsoft.windows.common-controls_6595b64144ccf1df_6.0.19041.6456_none_60b8a6cb71f64256;c:\Users\Star Computer\.vscode\extensions\redhat.java-1.50.0-win32-x64\jre\21.0.9-win32-x86_64\bin\server;C:\Users\Star Computer\AppData\Roaming\Code\User\globalStorage\redhat.java\1.50.0\config_win\org.eclipse.equinox.launcher\org.eclipse.equinox.launcher.win32.win32.x86_64_1.2.1400.v20250801-0854;C:\Users\Star Computer\AppData\Local\Temp\jna-1829234985

VM Arguments:
jvm_args: --add-modules=ALL-SYSTEM --add-opens=java.base/java.util=ALL-UNNAMED --add-opens=java.base/java.lang=ALL-UNNAMED --add-opens=java.base/sun.nio.fs=ALL-UNNAMED -Declipse.application=org.eclipse.jdt.ls.core.id1 -Dosgi.bundles.defaultStartLevel=4 -Declipse.product=org.eclipse.jdt.ls.core.product -Djava.import.generatesMetadataFilesAtProjectRoot=false -DDetectVMInstallationsJob.disabled=true -Dfile.encoding=utf8 -XX:+UseParallelGC -XX:GCTimeRatio=4 -XX:AdaptiveSizePolicyWeight=90 -Dsun.zip.disableMemoryMapping=true -Xmx2G -Xms100m -Xlog:disable -javaagent:c:\Users\Star Computer\.vscode\extensions\redhat.java-1.50.0-win32-x64\lombok\lombok-1.18.39-4050.jar -XX:+HeapDumpOnOutOfMemoryError -XX:HeapDumpPath=c:\Users\Star Computer\AppData\Roaming\Code\User\workspaceStorage\a20a6d0fe74746f5a3a6f6b930a2e937\redhat.java -Daether.dependencyCollector.impl=bf 
java_command: c:\Users\Star Computer\.vscode\extensions\redhat.java-1.50.0-win32-x64\server\plugins\org.eclipse.equinox.launcher_1.7.100.v20251111-0406.jar -configuration c:\Users\Star Computer\AppData\Roaming\Code\User\globalStorage\redhat.java\1.50.0\config_win -data c:\Users\Star Computer\AppData\Roaming\Code\User\workspaceStorage\a20a6d0fe74746f5a3a6f6b930a2e937\redhat.java\jdt_ws --pipe=\\.\pipe\lsp-d8ca807f241b1e15a4c1451e0ad6bc09-sock
java_class_path (initial): c:\Users\Star Computer\.vscode\extensions\redhat.java-1.50.0-win32-x64\server\plugins\org.eclipse.equinox.launcher_1.7.100.v20251111-0406.jar
Launcher Type: SUN_STANDARD

[Global flags]
    uintx AdaptiveSizePolicyWeight                 = 90                                        {product} {command line}
     intx CICompilerCount                          = 3                                         {product} {ergonomic}
    uintx GCTimeRatio                              = 4                                         {product} {command line}
     bool HeapDumpOnOutOfMemoryError               = true                                   {manageable} {command line}
    ccstr HeapDumpPath                             = c:\Users\Star Computer\AppData\Roaming\Code\User\workspaceStorage\a20a6d0fe74746f5a3a6f6b930a2e937\redhat.java         {manageable} {command line}
   size_t InitialHeapSize                          = 104857600                                 {product} {command line}
   size_t MaxHeapSize                              = 2147483648                                {product} {command line}
   size_t MaxNewSize                               = 715653120                                 {product} {ergonomic}
   size_t MinHeapDeltaBytes                        = 524288                                    {product} {ergonomic}
   size_t MinHeapSize                              = 104857600                                 {product} {command line}
   size_t NewSize                                  = 34603008                                  {product} {ergonomic}
    uintx NonNMethodCodeHeapSize                   = 5832780                                {pd product} {ergonomic}
    uintx NonProfiledCodeHeapSize                  = 122912730                              {pd product} {ergonomic}
   size_t OldSize                                  = 70254592                                  {product} {ergonomic}
    uintx ProfiledCodeHeapSize                     = 122912730                              {pd product} {ergonomic}
    uintx ReservedCodeCacheSize                    = 251658240                              {pd product} {ergonomic}
     bool SegmentedCodeCache                       = true                                      {product} {ergonomic}
   size_t SoftMaxHeapSize                          = 2147483648                             {manageable} {ergonomic}
     bool UseCompressedOops                        = true                           {product lp64_product} {ergonomic}
     bool UseLargePagesIndividualAllocation        = false                                  {pd product} {ergonomic}
     bool UseParallelGC                            = true                                      {product} {command line}

Logging:
Log output configuration:
 #0: stdout all=off uptime,level,tags foldmultilines=false
 #1: stderr all=off uptime,level,tags foldmultilines=false

Release file:
JAVA_VERSION="21.0.9" 
MODULES="java.base java.compiler java.datatransfer java.xml java.prefs java.desktop java.instrument java.logging java.management java.security.sasl java.naming java.rmi java.management.rmi java.net.http java.scripting java.security.jgss java.transaction.xa java.sql java.sql.rowset java.xml.crypto java.se java.smartcardio jdk.accessibility jdk.internal.jvmstat jdk.attach jdk.charsets jdk.internal.opt jdk.zipfs jdk.compiler jdk.crypto.ec jdk.crypto.cryptoki jdk.crypto.mscapi jdk.dynalink jdk.internal.ed jdk.editpad jdk.hotspot.agent jdk.httpserver jdk.internal.le jdk.internal.vm.ci jdk.internal.vm.compiler jdk.internal.vm.compiler.management jdk.jartool jdk.javadoc jdk.jcmd jdk.management jdk.management.agent jdk.jconsole jdk.jdeps jdk.jdwp.agent jdk.jdi jdk.jfr jdk.jshell jdk.jsobject jdk.jstatd jdk.localedata jdk.management.jfr jdk.naming.dns jdk.naming.rmi jdk.net jdk.nio.mapmode jdk.random jdk.sctp jdk.security.auth jdk.security.jgss jdk.unsupported jdk.unsupported.desktop jdk.xml.dom" 

Environment Variables:
PATH=C:\Program Files\Python314\Scripts\;C:\Program Files\Python314\;C:\Program Files\Common Files\Oracle\Java\javapath;C:\Program Files (x86)\VMware\VMware Workstation\bin\;C:\Windows\system32;C:\Windows;C:\Windows\System32\Wbem;C:\Windows\System32\WindowsPowerShell\v1.0\;C:\Windows\System32\OpenSSH\;F:\bin;C:\Program Files\Java\jdk-25\bin;C:\Program Files\Git\cmd;C:\Users\Star Computer\AppData\Local\Microsoft\WindowsApps;C:\Users\Star Computer\Desktop\Microsoft VS Code\bin;C:\Users\Star Computer\AppData\Local\GitHubDesktop\bin
USERNAME=Star Computer
OS=Windows_NT
PROCESSOR_IDENTIFIER=Intel64 Family 6 Model 78 Stepping 3, GenuineIntel
TMP=C:\Users\STARCO~1\AppData\Local\Temp
TEMP=C:\Users\STARCO~1\AppData\Local\Temp




Periodic native trim disabled

---------------  S Y S T E M  ---------------

OS:
 Windows 10 , 64 bit Build 19041 (10.0.19041.5915)
OS uptime: 0 days 13:34 hours

CPU: total 4 (initial active 4) (2 cores per cpu, 2 threads per core) family 6 model 78 stepping 3 microcode 0xcc, cx8, cmov, fxsr, ht, mmx, 3dnowpref, sse, sse2, sse3, ssse3, sse4.1, sse4.2, popcnt, lzcnt, tsc, tscinvbit, avx, avx2, aes, erms, clmul, bmi1, bmi2, rtm, adx, fma, vzeroupper, clflush, clflushopt, rdtscp, f16c
Processor Information for processor 0
  Max Mhz: 2496, Current Mhz: 1497, Mhz Limit: 2396
Processor Information for processor 1
  Max Mhz: 2496, Current Mhz: 2396, Mhz Limit: 2396
Processor Information for processor 2
  Max Mhz: 2496, Current Mhz: 1497, Mhz Limit: 2396
Processor Information for processor 3
  Max Mhz: 2496, Current Mhz: 2396, Mhz Limit: 2396

Memory: 4k page, system-wide physical 8072M (660M free)
TotalPageFile size 17123M (AvailPageFile size 1M)
current process WorkingSet (physical memory assigned to process): 662M, peak: 664M
current process commit charge ("private bytes"): 735M, peak: 736M

vm_info: OpenJDK 64-Bit Server VM (21.0.9+10-LTS) for windows-amd64 JRE (21.0.9+10-LTS), built on 2025-10-21T00:00:00Z by "admin" with unknown MS VC++:1942

END.
